# JRE version: OpenJDK Runtime Environment Temurin-17.0.8.1+1 (17.0.8.1+1) (build 17.0.8.1+1)
# Java VM: OpenJDK 64-Bit Server VM Temurin-17.0.8.1+1 (17.0.8.1+1, mixed mode, emulated-client, tiered, compressed oops, compressed class ptrs, g1 gc, windows-amd64)
GC Precious Log:
 CPUs: 8 total, 8 available
 Memory: 7814M
 Large Page Support: Disabled
 NUMA Support: Disabled
 Compressed Oops: Enabled (32-bit)
 Heap Region Size: 1M
 Heap Min Capacity: 8M
 Heap Initial Capacity: 124M
 Heap Max Capacity: 1G
 Pre-touch: Disabled
 Parallel Workers: 8
 Concurrent Workers: 2
 Concurrent Refinement Workers: 8
 Periodic GC: Disabled
Heap:
 garbage-first heap   total 102400K, used 30286K [0x00000000c0000000, 0x0000000100000000)
  region size 1024K, 1 young (1024K), 0 survivors (0K)
 Metaspace       used 59166K, committed 59584K, reserved 1114112K
  class space    used 7363K, committed 7552K, reserved 1048576K
GC Heap History (20 events):
Event: 34446.648 GC heap before
{Heap before GC invocations=3381 (full 3350):
 garbage-first heap   total 102400K, used 30286K [0x00000000c0000000, 0x0000000100000000)
  region size 1024K, 1 young (1024K), 0 survivors (0K)
 Metaspace       used 59166K, committed 59584K, reserved 1114112K
  class space    used 7363K, committed 7552K, reserved 1048576K
}
Event: 34446.712 GC heap after
{Heap after GC invocations=3382 (full 3351):
 garbage-first heap   total 102400K, used 30286K [0x00000000c0000000, 0x0000000100000000)
  region size 1024K, 0 young (0K), 0 survivors (0K)
 Metaspace       used 59166K, committed 59584K, reserved 1114112K
  class space    used 7363K, committed 7552K, reserved 1048576K
}
Event: 34457.009 GC heap before
{Heap before GC invocations=3382 (full 3351):
 garbage-first heap   total 102400K, used 30286K [0x00000000c0000000, 0x0000000100000000)
  region size 1024K, 1 young (1024K), 0 survivors (0K)
 Metaspace       used 59166K, committed 59584K, reserved 1114112K
  class space    used 7363K, committed 7552K, reserved 1048576K
}
Event: 34457.082 GC heap after
{Heap after GC invocations=3383 (full 3352):
 garbage-first heap   total 102400K, used 30286K [0x00000000c0000000, 0x0000000100000000)
  region size 1024K, 0 young (0K), 0 survivors (0K)
 Metaspace       used 59166K, committed 59584K, reserved 1114112K
  class space    used 7363K, committed 7552K, reserved 1048576K
}
Event: 34467.370 GC heap before
{Heap before GC invocations=3383 (full 3352):
 garbage-first heap   total 102400K, used 30286K [0x00000000c0000000, 0x0000000100000000)
  region size 1024K, 1 young (1024K), 0 survivors (0K)
 Metaspace       used 59166K, committed 59584K, reserved 1114112K
  class space    used 7363K, committed 7552K, reserved 1048576K
}
Event: 34467.440 GC heap after
{Heap after GC invocations=3384 (full 3353):
 garbage-first heap   total 102400K, used 30286K [0x00000000c0000000, 0x0000000100000000)
  region size 1024K, 0 young (0K), 0 survivors (0K)
 Metaspace       used 59166K, committed 59584K, reserved 1114112K
  class space    used 7363K, committed 7552K, reserved 1048576K
}
Event: 34477.714 GC heap before
{Heap before GC invocations=3384 (full 3353):
 garbage-first heap   total 102400K, used 30286K [0x00000000c0000000, 0x0000000100000000)
  region size 1024K, 1 young (1024K), 0 survivors (0K)
 Metaspace       used 59166K, committed 59584K, reserved 1114112K
  class space    used 7363K, committed 7552K, reserved 1048576K
}
Event: 34477.784 GC heap after
{Heap after GC invocations=3385 (full 3354):
 garbage-first heap   total 102400K, used 30286K [0x00000000c0000000, 0x0000000100000000)
  region size 1024K, 0 young (0K), 0 survivors (0K)
 Metaspace       used 59166K, committed 59584K, reserved 1114112K
  class space    used 7363K, committed 7552K, reserved 1048576K
}
Event: 34487.915 GC heap before
{Heap before GC invocations=3385 (full 3354):
 garbage-first heap   total 102400K, used 30286K [0x00000000c0000000, 0x0000000100000000)
  region size 1024K, 1 young (1024K), 0 survivors (0K)
 Metaspace       used 59166K, committed 59584K, reserved 1114112K
  class space    used 7363K, committed 7552K, reserved 1048576K
}
Event: 34487.944 GC heap after
{Heap after GC invocations=3386 (full 3355):
 garbage-first heap   total 102400K, used 30286K [0x00000000c0000000, 0x0000000100000000)
  region size 1024K, 0 young (0K), 0 survivors (0K)
 Metaspace       used 59166K, committed 59584K, reserved 1114112K
  class space    used 7363K, committed 7552K, reserved 1048576K
}
Event: 34498.084 GC heap before
{Heap before GC invocations=3386 (full 3355):
 garbage-first heap   total 102400K, used 30286K [0x00000000c0000000, 0x0000000100000000)
  region size 1024K, 1 young (1024K), 0 survivors (0K)
 Metaspace       used 59166K, committed 59584K, reserved 1114112K
  class space    used 7363K, committed 7552K, reserved 1048576K
}
Event: 34498.119 GC heap after
{Heap after GC invocations=3387 (full 3356):
 garbage-first heap   total 102400K, used 30286K [0x00000000c0000000, 0x0000000100000000)
  region size 1024K, 0 young (0K), 0 survivors (0K)
 Metaspace       used 59166K, committed 59584K, reserved 1114112K
  class space    used 7363K, committed 7552K, reserved 1048576K
}
Event: 34508.254 GC heap before
{Heap before GC invocations=3387 (full 3356):
 garbage-first heap   total 102400K, used 30286K [0x00000000c0000000, 0x0000000100000000)
  region size 1024K, 1 young (1024K), 0 survivors (0K)
 Metaspace       used 59166K, committed 59584K, reserved 1114112K
  class space    used 7363K, committed 7552K, reserved 1048576K
}
Event: 34508.282 GC heap after
{Heap after GC invocations=3388 (full 3357):
 garbage-first heap   total 102400K, used 30286K [0x00000000c0000000, 0x0000000100000000)
  region size 1024K, 0 young (0K), 0 survivors (0K)
 Metaspace       used 59166K, committed 59584K, reserved 1114112K
  class space    used 7363K, committed 7552K, reserved 1048576K
}
Event: 34518.410 GC heap before
{Heap before GC invocations=3388 (full 3357):
 garbage-first heap   total 102400K, used 30286K [0x00000000c0000000, 0x0000000100000000)
  region size 1024K, 1 young (1024K), 0 survivors (0K)
 Metaspace       used 59166K, committed 59584K, reserved 1114112K
  class space    used 7363K, committed 7552K, reserved 1048576K
}
Event: 34518.440 GC heap after
{Heap after GC invocations=3389 (full 3358):
 garbage-first heap   total 102400K, used 30286K [0x00000000c0000000, 0x0000000100000000)
  region size 1024K, 0 young (0K), 0 survivors (0K)
 Metaspace       used 59166K, committed 59584K, reserved 1114112K
  class space    used 7363K, committed 7552K, reserved 1048576K
}
Event: 34528.573 GC heap before
{Heap before GC invocations=3389 (full 3358):
 garbage-first heap   total 102400K, used 30286K [0x00000000c0000000, 0x0000000100000000)
  region size 1024K, 1 young (1024K), 0 survivors (0K)
 Metaspace       used 59166K, committed 59584K, reserved 1114112K
  class space    used 7363K, committed 7552K, reserved 1048576K
}
Event: 34528.604 GC heap after
{Heap after GC invocations=3390 (full 3359):
 garbage-first heap   total 102400K, used 30286K [0x00000000c0000000, 0x0000000100000000)
  region size 1024K, 0 young (0K), 0 survivors (0K)
 Metaspace       used 59166K, committed 59584K, reserved 1114112K
  class space    used 7363K, committed 7552K, reserved 1048576K
}
Event: 34538.744 GC heap before
{Heap before GC invocations=3390 (full 3359):
 garbage-first heap   total 102400K, used 30286K [0x00000000c0000000, 0x0000000100000000)
  region size 1024K, 1 young (1024K), 0 survivors (0K)
 Metaspace       used 59166K, committed 59584K, reserved 1114112K
  class space    used 7363K, committed 7552K, reserved 1048576K
}
Event: 34538.774 GC heap after
{Heap after GC invocations=3391 (full 3360):
 garbage-first heap   total 102400K, used 30286K [0x00000000c0000000, 0x0000000100000000)
  region size 1024K, 0 young (0K), 0 survivors (0K)
 Metaspace       used 59166K, committed 59584K, reserved 1114112K
  class space    used 7363K, committed 7552K, reserved 1048576K
}

